TN:
SF:src\database\config\config.js
FNF:0
FNH:0
DA:1,3
DA:3,3
DA:27,3
LF:3
LH:3
BRF:0
BRH:0
end_of_record
TN:
SF:src\database\models\index.js
FN:20,(anonymous_0)
FN:23,(anonymous_1)
FN:28,(anonymous_2)
FNF:3
FNH:3
FNDA:9,(anonymous_0)
FNDA:6,(anonymous_1)
FNDA:6,(anonymous_2)
DA:3,3
DA:4,3
DA:5,3
DA:6,3
DA:7,3
DA:8,3
DA:9,3
DA:12,3
DA:13,0
DA:15,3
DA:18,3
DA:21,9
DA:24,6
DA:25,6
DA:28,3
DA:29,6
DA:30,6
DA:34,3
DA:35,3
DA:37,3
LF:20
LH:19
BRDA:7,0,0,3
BRDA:7,0,1,0
BRDA:12,1,0,0
BRDA:12,1,1,3
BRDA:21,2,0,9
BRDA:21,2,1,9
BRDA:21,2,2,6
BRDA:29,3,0,6
BRDA:29,3,1,0
BRF:9
BRH:6
end_of_record
TN:
SF:src\database\models\room.js
FN:5,(anonymous_0)
FN:12,(anonymous_1)
FNF:2
FNH:2
FNDA:3,(anonymous_0)
FNDA:3,(anonymous_1)
DA:4,3
DA:5,3
DA:16,3
DA:36,3
LF:4
LH:4
BRF:0
BRH:0
end_of_record
TN:
SF:src\database\models\user.js
FN:6,(anonymous_0)
FN:13,(anonymous_1)
FNF:2
FNH:2
FNDA:3,(anonymous_0)
FNDA:3,(anonymous_1)
DA:4,3
DA:6,3
DA:17,3
DA:32,3
LF:4
LH:4
BRF:0
BRH:0
end_of_record
TN:
SF:src\user\user.controller.js
FN:4,(anonymous_0)
FN:18,(anonymous_1)
FN:30,(anonymous_2)
FN:46,(anonymous_3)
FNF:4
FNH:4
FNDA:2,(anonymous_0)
FNDA:2,(anonymous_1)
FNDA:2,(anonymous_2)
FNDA:3,(anonymous_3)
DA:1,1
DA:2,1
DA:4,1
DA:5,2
DA:6,2
DA:7,2
DA:12,1
DA:14,1
DA:18,1
DA:19,2
DA:20,2
DA:21,2
DA:24,1
DA:26,1
DA:30,1
DA:31,2
DA:32,2
DA:33,2
DA:34,2
DA:40,1
DA:42,1
DA:46,1
DA:47,3
DA:48,3
DA:49,1
DA:51,2
DA:52,2
DA:53,2
DA:54,1
DA:56,1
DA:60,1
DA:67,1
LF:32
LH:32
BRDA:48,0,0,1
BRDA:48,0,1,2
BRF:2
BRH:2
end_of_record
TN:
SF:src\user\user.repository.js
FN:4,(anonymous_0)
FN:17,(anonymous_1)
FN:21,(anonymous_2)
FN:25,(anonymous_3)
FN:29,(anonymous_4)
FN:45,(anonymous_5)
FNF:6
FNH:6
FNDA:2,(anonymous_0)
FNDA:1,(anonymous_1)
FNDA:1,(anonymous_2)
FNDA:1,(anonymous_3)
FNDA:1,(anonymous_4)
FNDA:1,(anonymous_5)
DA:1,3
DA:2,3
DA:4,3
DA:5,2
DA:6,2
DA:7,1
DA:13,1
DA:17,3
DA:18,1
DA:21,3
DA:22,1
DA:25,3
DA:26,1
DA:29,3
DA:30,1
DA:45,3
DA:46,1
DA:59,3
DA:68,3
LF:19
LH:19
BRDA:6,0,0,1
BRDA:6,0,1,1
BRF:2
BRH:2
end_of_record
TN:
SF:src\user\user.service.js
FN:5,(anonymous_0)
FN:15,(anonymous_1)
FN:21,(anonymous_2)
FN:31,(anonymous_3)
FNF:4
FNH:4
FNDA:1,(anonymous_0)
FNDA:1,(anonymous_1)
FNDA:1,(anonymous_2)
FNDA:1,(anonymous_3)
DA:1,2
DA:2,2
DA:3,2
DA:5,2
DA:6,1
DA:8,1
DA:15,2
DA:16,1
DA:21,2
DA:22,1
DA:23,1
DA:31,2
DA:32,1
DA:33,1
DA:39,2
DA:46,2
LF:16
LH:16
BRF:0
BRH:0
end_of_record
