TN:
SF:src\database\config\config.js
FNF:0
FNH:0
DA:1,6
DA:3,6
DA:27,6
LF:3
LH:3
BRF:0
BRH:0
end_of_record
TN:
SF:src\database\models\index.js
FN:15,(anonymous_0)
FN:18,(anonymous_1)
FN:23,(anonymous_2)
FNF:3
FNH:3
FNDA:18,(anonymous_0)
FNDA:12,(anonymous_1)
FNDA:12,(anonymous_2)
DA:3,6
DA:4,6
DA:5,6
DA:6,6
DA:7,6
DA:8,6
DA:9,6
DA:11,6
DA:13,6
DA:16,18
DA:19,12
DA:20,12
DA:23,6
DA:24,12
DA:25,12
DA:29,6
DA:30,6
DA:32,6
LF:18
LH:18
BRDA:7,0,0,6
BRDA:7,0,1,0
BRDA:16,1,0,18
BRDA:16,1,1,18
BRDA:16,1,2,12
BRDA:24,2,0,12
BRDA:24,2,1,0
BRF:7
BRH:5
end_of_record
TN:
SF:src\database\models\room.js
FN:5,(anonymous_0)
FN:12,(anonymous_1)
FNF:2
FNH:2
FNDA:6,(anonymous_0)
FNDA:6,(anonymous_1)
DA:4,6
DA:5,6
DA:16,6
DA:42,6
LF:4
LH:4
BRF:0
BRH:0
end_of_record
TN:
SF:src\database\models\user.js
FN:6,(anonymous_0)
FN:13,(anonymous_1)
FNF:2
FNH:2
FNDA:6,(anonymous_0)
FNDA:6,(anonymous_1)
DA:4,6
DA:6,6
DA:17,6
DA:32,6
LF:4
LH:4
BRF:0
BRH:0
end_of_record
TN:
SF:src\room\room.controller.js
FN:3,(anonymous_0)
FN:17,(anonymous_1)
FN:26,(anonymous_2)
FN:45,(anonymous_3)
FN:55,(anonymous_4)
FNF:5
FNH:5
FNDA:2,(anonymous_0)
FNDA:2,(anonymous_1)
FNDA:3,(anonymous_2)
FNDA:2,(anonymous_3)
FNDA:6,(anonymous_4)
DA:1,1
DA:3,1
DA:4,2
DA:5,2
DA:7,2
DA:8,2
DA:11,1
DA:13,1
DA:17,1
DA:18,2
DA:19,2
DA:20,1
DA:22,1
DA:26,1
DA:27,3
DA:28,3
DA:30,3
DA:31,3
DA:32,2
DA:33,1
DA:38,2
DA:40,1
DA:41,1
DA:45,1
DA:46,2
DA:47,2
DA:48,2
DA:49,1
DA:51,1
DA:55,1
DA:56,6
DA:57,6
DA:58,6
DA:59,6
DA:60,6
DA:62,5
DA:63,2
DA:65,3
DA:66,3
DA:68,3
DA:71,5
DA:73,5
DA:75,3
DA:76,3
DA:77,2
DA:83,1
DA:84,1
DA:90,1
DA:92,5
DA:95,5
DA:105,5
DA:107,1
DA:111,1
DA:119,1
LF:54
LH:54
BRDA:32,0,0,1
BRDA:32,0,1,1
BRDA:32,1,0,2
BRDA:32,1,1,1
BRDA:62,2,0,2
BRDA:62,2,1,3
BRDA:65,3,0,3
BRDA:65,3,1,0
BRDA:71,4,0,5
BRDA:71,4,1,0
BRDA:71,5,0,5
BRDA:71,5,1,5
BRDA:73,6,0,3
BRDA:73,6,1,2
BRDA:77,7,0,1
BRDA:77,7,1,1
BRDA:78,8,0,2
BRDA:78,8,1,1
BRDA:78,8,2,1
BRDA:78,8,3,0
BRDA:78,8,4,1
BRDA:78,8,5,1
BRDA:84,9,0,1
BRDA:84,9,1,0
BRDA:85,10,0,1
BRDA:85,10,1,0
BRDA:85,10,2,1
BRDA:85,10,3,0
BRDA:85,10,4,1
BRDA:85,10,5,1
BRF:30
BRH:24
end_of_record
TN:
SF:src\room\room.repo.js
FN:3,(anonymous_0)
FN:9,(anonymous_1)
FN:18,(anonymous_2)
FN:47,(anonymous_3)
FN:61,(anonymous_4)
FN:65,(anonymous_5)
FN:82,(anonymous_6)
FN:99,createRandomString
FNF:8
FNH:8
FNDA:5,(anonymous_0)
FNDA:4,(anonymous_1)
FNDA:1,(anonymous_2)
FNDA:1,(anonymous_3)
FNDA:1,(anonymous_4)
FNDA:1,(anonymous_5)
FNDA:4,(anonymous_6)
FNDA:4,createRandomString
DA:1,3
DA:3,3
DA:4,5
DA:9,3
DA:10,4
DA:11,4
DA:18,3
DA:28,1
DA:47,3
DA:48,1
DA:61,3
DA:62,1
DA:65,3
DA:66,1
DA:69,3
DA:78,3
DA:82,3
DA:86,4
DA:87,4
DA:88,4
DA:91,4
DA:100,4
DA:102,4
DA:103,4
DA:104,4
DA:105,4
DA:106,20
DA:109,4
LF:28
LH:28
BRF:0
BRH:0
end_of_record
TN:
SF:src\room\room.service.js
FN:3,(anonymous_0)
FN:4,(anonymous_1)
FN:19,(anonymous_2)
FN:20,(anonymous_3)
FN:32,(anonymous_4)
FN:33,(anonymous_5)
FN:45,(anonymous_6)
FN:46,(anonymous_7)
FN:58,(anonymous_8)
FN:68,(anonymous_9)
FN:96,(anonymous_10)
FN:97,(anonymous_11)
FNF:12
FNH:12
FNDA:2,(anonymous_0)
FNDA:2,(anonymous_1)
FNDA:2,(anonymous_2)
FNDA:2,(anonymous_3)
FNDA:2,(anonymous_4)
FNDA:2,(anonymous_5)
FNDA:2,(anonymous_6)
FNDA:2,(anonymous_7)
FNDA:3,(anonymous_8)
FNDA:3,(anonymous_9)
FNDA:3,(anonymous_10)
FNDA:3,(anonymous_11)
DA:1,2
DA:3,2
DA:4,2
DA:5,2
DA:6,2
DA:9,1
DA:11,1
DA:12,1
DA:13,1
DA:14,1
DA:19,2
DA:20,2
DA:21,2
DA:22,2
DA:23,1
DA:25,1
DA:26,1
DA:27,1
DA:32,2
DA:33,2
DA:34,2
DA:35,2
DA:36,1
DA:38,1
DA:39,1
DA:40,1
DA:45,2
DA:46,2
DA:47,2
DA:48,2
DA:49,1
DA:51,1
DA:52,1
DA:53,1
DA:58,2
DA:68,3
DA:69,3
DA:70,3
DA:80,2
DA:81,1
DA:83,1
DA:84,1
DA:85,1
DA:88,1
DA:89,1
DA:90,1
DA:91,1
DA:96,2
DA:97,3
DA:98,3
DA:99,3
DA:100,2
DA:101,1
DA:103,1
DA:104,1
DA:105,1
DA:108,1
DA:109,1
DA:110,1
DA:111,1
DA:116,2
DA:125,2
LF:62
LH:62
BRDA:80,0,0,1
BRDA:80,0,1,1
BRDA:100,1,0,1
BRDA:100,1,1,1
BRF:4
BRH:4
end_of_record
TN:
SF:src\user\user.controller.js
FN:4,(anonymous_0)
FN:18,(anonymous_1)
FN:30,(anonymous_2)
FN:46,(anonymous_3)
FNF:4
FNH:4
FNDA:2,(anonymous_0)
FNDA:2,(anonymous_1)
FNDA:2,(anonymous_2)
FNDA:3,(anonymous_3)
DA:1,1
DA:2,1
DA:4,1
DA:5,2
DA:6,2
DA:7,2
DA:12,1
DA:14,1
DA:18,1
DA:19,2
DA:20,2
DA:21,2
DA:24,1
DA:26,1
DA:30,1
DA:31,2
DA:32,2
DA:33,2
DA:34,2
DA:40,1
DA:42,1
DA:46,1
DA:47,3
DA:48,3
DA:49,1
DA:51,2
DA:52,2
DA:53,2
DA:54,1
DA:56,1
DA:60,1
DA:67,1
LF:32
LH:32
BRDA:48,0,0,1
BRDA:48,0,1,2
BRF:2
BRH:2
end_of_record
TN:
SF:src\user\user.repository.js
FN:3,(anonymous_0)
FN:16,(anonymous_1)
FN:20,(anonymous_2)
FN:24,(anonymous_3)
FN:28,(anonymous_4)
FN:44,(anonymous_5)
FNF:6
FNH:6
FNDA:2,(anonymous_0)
FNDA:1,(anonymous_1)
FNDA:1,(anonymous_2)
FNDA:1,(anonymous_3)
FNDA:1,(anonymous_4)
FNDA:1,(anonymous_5)
DA:1,3
DA:3,3
DA:4,2
DA:5,2
DA:6,1
DA:12,1
DA:16,3
DA:17,1
DA:20,3
DA:21,1
DA:24,3
DA:25,1
DA:28,3
DA:29,1
DA:44,3
DA:45,1
DA:58,3
DA:67,3
LF:18
LH:18
BRDA:5,0,0,1
BRDA:5,0,1,1
BRF:2
BRH:2
end_of_record
TN:
SF:src\user\user.service.js
FN:5,(anonymous_0)
FN:15,(anonymous_1)
FN:21,(anonymous_2)
FN:31,(anonymous_3)
FNF:4
FNH:4
FNDA:1,(anonymous_0)
FNDA:1,(anonymous_1)
FNDA:1,(anonymous_2)
FNDA:1,(anonymous_3)
DA:1,2
DA:2,2
DA:3,2
DA:5,2
DA:6,1
DA:8,1
DA:15,2
DA:16,1
DA:21,2
DA:22,1
DA:23,1
DA:31,2
DA:32,1
DA:33,1
DA:39,2
DA:46,2
LF:16
LH:16
BRF:0
BRH:0
end_of_record
